[Camera 1] Init capture processor
[Camera 2] Init capture processor
[Camera 3] Init capture processor
[Camera 4] Init capture processor
[Camera 1] Start to run capture processor
[Camera 1] Begin to capture new video with length 5m
[Camera 1] Upload file to minio successfully.
[Camera 1] Begin to capture new video with length 5m
[Camera 1] Upload file to minio successfully.
[Camera 1] Begin to capture new video with length 5m
[Camera 1] Init capture processor
[Camera 2] Init capture processor
[Camera 3] Init capture processor
[Camera 4] Init capture processor
[Camera 1] Init capture processor
[Camera 2] Init capture processor
[Camera 3] Init capture processor
[Camera 4] Init capture processor
[Camera 1] Init capture processor
[Camera 2] Init capture processor
[Camera 3] Init capture processor
[Camera 4] Init capture processor
[Camera 1] Init capture processor
[Camera 2] Init capture processor
[Camera 3] Init capture processor
[Camera 4] Init capture processor
[Camera 1] Init capture processor
[Camera 2] Init capture processor
[Camera 3] Init capture processor
[Camera 4] Init capture processor
[Camera 1] Init capture processor
[Camera 2] Init capture processor
[Camera 3] Init capture processor
[Camera 4] Init capture processor
[Camera 1] Init capture processor
[Camera 2] Init capture processor
[Camera 3] Init capture processor
[Camera 4] Init capture processor
[Camera 1] Init capture processor
[Camera 2] Init capture processor
[Camera 3] Init capture processor
[Camera 4] Init capture processor
[Camera 1] Init capture processor
[Camera 2] Init capture processor
[Camera 1] Start to run capture processor
[Camera 1] Stop capture processor
[Camera 1] Init capture processor
[Camera 2] Init capture processor
[Camera 1] Start to run capture processor
[Camera 1] Stop capture processor
[Camera 1] Init capture processor
[Camera 2] Init capture processor
[Camera 1] Start to run capture processor
[Camera 1] Stop capture processor
[Camera 1] Init capture processor
[Camera 2] Init capture processor
[Camera 1] Start to run capture processor
[Camera 1] Stop capture processor
[Camera 1] Init capture processor
[Camera 2] Init capture processor
[Camera 1] Start to run capture processor
[Camera 1] Init capture processor
[Camera 2] Init capture processor
[Camera 1] Start to run capture processor
[Camera 1] Init capture processor
[Camera 2] Init capture processor
[Camera 1] Start to run capture processor
[Camera 1] Init capture processor
[Camera 2] Init capture processor
[Camera 1] Start to run capture processor
[Camera 1] Begin to capture new video with length 5m
[Camera 1] Init capture processor
[Camera 2] Init capture processor
[Camera 1] Start to run capture processor
[Camera 1] Begin to capture new video with length 5m
Record video 140421_190906.avi is fail.
[Camera 1] Init capture processor
[Camera 2] Init capture processor
[Camera 1] Start to run capture processor
[Camera 1] Begin to capture new video with length 5m
[Camera 1] Upload file to minio successfully.
[Camera 1] Begin to capture new video with length 5m
[Camera 1] Upload file to minio successfully.
[Camera 1] Begin to capture new video with length 5m
[Camera 1] Init capture processor
[Camera 2] Init capture processor
[Camera 1] Start to run capture processor
[Camera 1] Begin to capture new video with length 5m
Record video 150421_103935.avi is fail.
[Camera 1] Init capture processor
[Camera 2] Init capture processor
[Camera 1] Start to run capture processor
[Camera 1] Begin to capture new video with length 5m
Record video 150421_104247.avi is fail.
[Camera 1] Init capture processor
[Camera 2] Init capture processor
[Camera 1] Start to run capture processor
[Camera 1] Begin to capture new video with length 5m
Record video 150421_113845.avi is fail.
[Camera 1] Init capture processor
[Camera 2] Init capture processor
[Camera 1] Start to run capture processor
[Camera 1] Begin to capture new video with length 5m
[Camera 1] Upload file to minio successfully.
[Camera 1] Begin to capture new video with length 5m
[Camera 1] Init capture processor
[Camera 2] Init capture processor
[Camera 3] Init capture processor
[Camera 1] Start to run capture processor
[Camera 1] Begin to capture new video with length 5m
[Camera 2] Start to run capture processor
[Camera 2] Begin to capture new video with length 5m
[Camera 3] Start to run capture processor
[Camera 3] Begin to capture new video with length 5m
[Camera 1] Init capture processor
[Camera 2] Init capture processor
[Camera 3] Init capture processor
[Camera 1] Start to run capture processor
[Camera 1] Begin to capture new video with length 5m
[Camera 2] Start to run capture processor
[Camera 2] Begin to capture new video with length 5m
[Camera 3] Start to run capture processor
[Camera 3] Begin to capture new video with length 5m
